{
  "/Users/shubhadipmaity/projects/react-vite-component-library/src/lib/app-button/index.tsx": {
    "path": "/Users/shubhadipmaity/projects/react-vite-component-library/src/lib/app-button/index.tsx",
    "statementMap": {
      "0": {
        "start": {
          "line": 1,
          "column": 49
        },
        "end": {
          "line": 1,
          "column": null
        }
      },
      "1": {
        "start": {
          "line": 4,
          "column": 0
        },
        "end": {
          "line": 9,
          "column": null
        }
      },
      "2": {
        "start": {
          "line": 11,
          "column": 7
        },
        "end": {
          "line": 59,
          "column": 2
        }
      },
      "3": {
        "start": {
          "line": 12,
          "column": 1
        },
        "end": {
          "line": 15,
          "column": null
        }
      },
      "4": {
        "start": {
          "line": 13,
          "column": 2
        },
        "end": {
          "line": 14,
          "column": null
        }
      },
      "5": {
        "start": {
          "line": 14,
          "column": 3
        },
        "end": {
          "line": 14,
          "column": 17
        }
      },
      "6": {
        "start": {
          "line": 18,
          "column": 1
        },
        "end": {
          "line": 18,
          "column": null
        }
      },
      "7": {
        "start": {
          "line": 20,
          "column": 1
        },
        "end": {
          "line": 29,
          "column": null
        }
      },
      "8": {
        "start": {
          "line": 27,
          "column": 2
        },
        "end": {
          "line": 28,
          "column": null
        }
      },
      "9": {
        "start": {
          "line": 32,
          "column": 1
        },
        "end": {
          "line": 32,
          "column": null
        }
      },
      "10": {
        "start": {
          "line": 33,
          "column": 1
        },
        "end": {
          "line": 33,
          "column": null
        }
      },
      "11": {
        "start": {
          "line": 35,
          "column": 1
        },
        "end": {
          "line": 36,
          "column": null
        }
      },
      "12": {
        "start": {
          "line": 59,
          "column": 2
        },
        "end": {
          "line": 59,
          "column": null
        }
      },
      "13": {
        "start": {
          "line": 11,
          "column": 22
        },
        "end": {
          "line": 11,
          "column": null
        }
      }
    },
    "fnMap": {
      "0": {
        "name": "(anonymous_0)",
        "decl": {
          "start": {
            "line": 1,
            "column": 49
          },
          "end": {
            "line": 1,
            "column": null
          }
        },
        "loc": {
          "start": {
            "line": 1,
            "column": 49
          },
          "end": {
            "line": 1,
            "column": null
          }
        }
      },
      "1": {
        "name": "(anonymous_1)",
        "decl": {
          "start": {
            "line": 11,
            "column": 7
          },
          "end": {
            "line": 11,
            "column": 22
          }
        },
        "loc": {
          "start": {
            "line": 11,
            "column": 7
          },
          "end": {
            "line": 59,
            "column": 2
          }
        }
      },
      "2": {
        "name": "(anonymous_2)",
        "decl": {
          "start": {
            "line": 12,
            "column": 1
          },
          "end": {
            "line": 12,
            "column": null
          }
        },
        "loc": {
          "start": {
            "line": 12,
            "column": 1
          },
          "end": {
            "line": 15,
            "column": null
          }
        }
      },
      "3": {
        "name": "(anonymous_3)",
        "decl": {
          "start": {
            "line": 20,
            "column": 1
          },
          "end": {
            "line": 20,
            "column": 22
          }
        },
        "loc": {
          "start": {
            "line": 22,
            "column": 2
          },
          "end": {
            "line": 29,
            "column": null
          }
        }
      }
    },
    "branchMap": {
      "0": {
        "loc": {
          "start": {
            "line": 1,
            "column": 49
          },
          "end": {
            "line": 1,
            "column": null
          }
        },
        "type": "if",
        "locations": [
          {
            "start": {
              "line": 1,
              "column": 49
            },
            "end": {
              "line": 1,
              "column": null
            }
          }
        ]
      },
      "1": {
        "loc": {
          "start": {
            "line": 13,
            "column": 2
          },
          "end": {
            "line": 14,
            "column": null
          }
        },
        "type": "if",
        "locations": [
          {
            "start": {
              "line": 13,
              "column": 2
            },
            "end": {
              "line": 14,
              "column": null
            }
          }
        ]
      },
      "2": {
        "loc": {
          "start": {
            "line": 18,
            "column": 1
          },
          "end": {
            "line": 18,
            "column": null
          }
        },
        "type": "binary-expr",
        "locations": [
          {
            "start": {
              "line": 18,
              "column": 1
            },
            "end": {
              "line": 18,
              "column": null
            }
          },
          {
            "start": {
              "line": 18,
              "column": 1
            },
            "end": {
              "line": 18,
              "column": null
            }
          }
        ]
      },
      "3": {
        "loc": {
          "start": {
            "line": 27,
            "column": 2
          },
          "end": {
            "line": 28,
            "column": null
          }
        },
        "type": "cond-expr",
        "locations": [
          {
            "start": {
              "line": 27,
              "column": 2
            },
            "end": {
              "line": 28,
              "column": null
            }
          },
          {
            "start": {
              "line": 28,
              "column": 3
            },
            "end": {
              "line": 28,
              "column": null
            }
          }
        ]
      },
      "4": {
        "loc": {
          "start": {
            "line": 32,
            "column": 1
          },
          "end": {
            "line": 32,
            "column": null
          }
        },
        "type": "binary-expr",
        "locations": [
          {
            "start": {
              "line": 32,
              "column": 1
            },
            "end": {
              "line": 32,
              "column": null
            }
          },
          {
            "start": {
              "line": 32,
              "column": 1
            },
            "end": {
              "line": 32,
              "column": null
            }
          }
        ]
      },
      "5": {
        "loc": {
          "start": {
            "line": 33,
            "column": 1
          },
          "end": {
            "line": 33,
            "column": null
          }
        },
        "type": "binary-expr",
        "locations": [
          {
            "start": {
              "line": 33,
              "column": 1
            },
            "end": {
              "line": 33,
              "column": null
            }
          },
          {
            "start": {
              "line": 33,
              "column": 1
            },
            "end": {
              "line": 33,
              "column": null
            }
          }
        ]
      },
      "6": {
        "loc": {
          "start": {
            "line": 35,
            "column": 1
          },
          "end": {
            "line": 35,
            "column": null
          }
        },
        "type": "cond-expr",
        "locations": [
          {
            "start": {
              "line": 35,
              "column": 1
            },
            "end": {
              "line": 35,
              "column": null
            }
          },
          {
            "start": {
              "line": 35,
              "column": 1
            },
            "end": {
              "line": 35,
              "column": null
            }
          }
        ]
      },
      "7": {
        "loc": {
          "start": {
            "line": 42,
            "column": 4
          },
          "end": {
            "line": 43,
            "column": null
          }
        },
        "type": "cond-expr",
        "locations": [
          {
            "start": {
              "line": 42,
              "column": 4
            },
            "end": {
              "line": 43,
              "column": null
            }
          },
          {
            "start": {
              "line": 43,
              "column": 4
            },
            "end": {
              "line": 43,
              "column": null
            }
          }
        ]
      },
      "8": {
        "loc": {
          "start": {
            "line": 46,
            "column": 7
          },
          "end": {
            "line": 50,
            "column": 78
          }
        },
        "type": "cond-expr",
        "locations": [
          {
            "start": {
              "line": 46,
              "column": 7
            },
            "end": {
              "line": 48,
              "column": null
            }
          },
          {
            "start": {
              "line": 48,
              "column": 4
            },
            "end": {
              "line": 50,
              "column": 78
            }
          }
        ]
      },
      "9": {
        "loc": {
          "start": {
            "line": 50,
            "column": 78
          },
          "end": {
            "line": 53,
            "column": null
          }
        },
        "type": "cond-expr",
        "locations": [
          {
            "start": {
              "line": 50,
              "column": 78
            },
            "end": {
              "line": 53,
              "column": null
            }
          },
          {
            "start": {
              "line": 53,
              "column": 4
            },
            "end": {
              "line": 53,
              "column": null
            }
          }
        ]
      }
    },
    "s": {
      "0": 49,
      "1": 7,
      "2": 7,
      "3": 27,
      "4": 2,
      "5": 2,
      "6": 27,
      "7": 27,
      "8": 27,
      "9": 27,
      "10": 27,
      "11": 27,
      "12": 7,
      "13": 7
    },
    "f": {
      "0": 7,
      "1": 27,
      "2": 2,
      "3": 27
    },
    "b": {
      "0": [
        7
      ],
      "1": [
        2
      ],
      "2": [
        27,
        2
      ],
      "3": [
        27,
        0
      ],
      "4": [
        27,
        0
      ],
      "5": [
        27,
        2
      ],
      "6": [
        0,
        27
      ],
      "7": [
        3,
        24
      ],
      "8": [
        0,
        27
      ],
      "9": [
        3,
        24
      ]
    }
  },
  "/Users/shubhadipmaity/projects/react-vite-component-library/src/lib/types/enums.ts": {
    "path": "/Users/shubhadipmaity/projects/react-vite-component-library/src/lib/types/enums.ts",
    "statementMap": {
      "0": {
        "start": {
          "line": 1,
          "column": 7
        },
        "end": {
          "line": 1,
          "column": null
        }
      },
      "1": {
        "start": {
          "line": 2,
          "column": 1
        },
        "end": {
          "line": 2,
          "column": null
        }
      },
      "2": {
        "start": {
          "line": 3,
          "column": 1
        },
        "end": {
          "line": 3,
          "column": null
        }
      },
      "3": {
        "start": {
          "line": 4,
          "column": 1
        },
        "end": {
          "line": 4,
          "column": null
        }
      },
      "4": {
        "start": {
          "line": 5,
          "column": 1
        },
        "end": {
          "line": 5,
          "column": null
        }
      },
      "5": {
        "start": {
          "line": 1,
          "column": 12
        },
        "end": {
          "line": 1,
          "column": null
        }
      },
      "6": {
        "start": {
          "line": 8,
          "column": 7
        },
        "end": {
          "line": 8,
          "column": null
        }
      },
      "7": {
        "start": {
          "line": 14,
          "column": 1
        },
        "end": {
          "line": 14,
          "column": null
        }
      },
      "8": {
        "start": {
          "line": 21,
          "column": 1
        },
        "end": {
          "line": 21,
          "column": null
        }
      },
      "9": {
        "start": {
          "line": 42,
          "column": 1
        },
        "end": {
          "line": 42,
          "column": null
        }
      },
      "10": {
        "start": {
          "line": 8,
          "column": 12
        },
        "end": {
          "line": 8,
          "column": null
        }
      }
    },
    "fnMap": {
      "0": {
        "name": "(anonymous_0)",
        "decl": {
          "start": {
            "line": 1,
            "column": 7
          },
          "end": {
            "line": 1,
            "column": 12
          }
        },
        "loc": {
          "start": {
            "line": 1,
            "column": 7
          },
          "end": {
            "line": 1,
            "column": null
          }
        }
      },
      "1": {
        "name": "(anonymous_1)",
        "decl": {
          "start": {
            "line": 8,
            "column": 7
          },
          "end": {
            "line": 8,
            "column": 12
          }
        },
        "loc": {
          "start": {
            "line": 8,
            "column": 7
          },
          "end": {
            "line": 8,
            "column": null
          }
        }
      }
    },
    "branchMap": {
      "0": {
        "loc": {
          "start": {
            "line": 1,
            "column": 12
          },
          "end": {
            "line": 1,
            "column": null
          }
        },
        "type": "binary-expr",
        "locations": [
          {
            "start": {
              "line": 1,
              "column": 12
            },
            "end": {
              "line": 1,
              "column": null
            }
          },
          {
            "start": {
              "line": 1,
              "column": 12
            },
            "end": {
              "line": 1,
              "column": null
            }
          }
        ]
      },
      "1": {
        "loc": {
          "start": {
            "line": 8,
            "column": 12
          },
          "end": {
            "line": 8,
            "column": null
          }
        },
        "type": "binary-expr",
        "locations": [
          {
            "start": {
              "line": 8,
              "column": 12
            },
            "end": {
              "line": 8,
              "column": null
            }
          },
          {
            "start": {
              "line": 8,
              "column": 12
            },
            "end": {
              "line": 8,
              "column": null
            }
          }
        ]
      }
    },
    "s": {
      "0": 7,
      "1": 7,
      "2": 7,
      "3": 7,
      "4": 7,
      "5": 7,
      "6": 7,
      "7": 7,
      "8": 7,
      "9": 7,
      "10": 7
    },
    "f": {
      "0": 7,
      "1": 7
    },
    "b": {
      "0": [
        7,
        7
      ],
      "1": [
        7,
        7
      ]
    }
  }
}