{
  "/Users/shubhadipmaity/projects/react-vite-component-library/src/lib/app-button/index.tsx": {
    "path": "/Users/shubhadipmaity/projects/react-vite-component-library/src/lib/app-button/index.tsx",
    "statementMap": {
      "0": {
        "start": {
          "line": 1,
          "column": 29
        },
        "end": {
          "line": 1,
          "column": 49
        }
      },
      "1": {
        "start": {
          "line": 1,
          "column": 49
        },
        "end": {
          "line": 1,
          "column": null
        }
      },
      "2": {
        "start": {
          "line": 4,
          "column": 0
        },
        "end": {
          "line": 9,
          "column": null
        }
      },
      "3": {
        "start": {
          "line": 11,
          "column": 7
        },
        "end": {
          "line": 59,
          "column": 2
        }
      },
      "4": {
        "start": {
          "line": 12,
          "column": 1
        },
        "end": {
          "line": 15,
          "column": null
        }
      },
      "5": {
        "start": {
          "line": 13,
          "column": 2
        },
        "end": {
          "line": 14,
          "column": null
        }
      },
      "6": {
        "start": {
          "line": 14,
          "column": 3
        },
        "end": {
          "line": 14,
          "column": 17
        }
      },
      "7": {
        "start": {
          "line": 18,
          "column": 1
        },
        "end": {
          "line": 18,
          "column": null
        }
      },
      "8": {
        "start": {
          "line": 20,
          "column": 1
        },
        "end": {
          "line": 29,
          "column": null
        }
      },
      "9": {
        "start": {
          "line": 27,
          "column": 2
        },
        "end": {
          "line": 28,
          "column": null
        }
      },
      "10": {
        "start": {
          "line": 32,
          "column": 1
        },
        "end": {
          "line": 32,
          "column": null
        }
      },
      "11": {
        "start": {
          "line": 33,
          "column": 1
        },
        "end": {
          "line": 33,
          "column": null
        }
      },
      "12": {
        "start": {
          "line": 35,
          "column": 1
        },
        "end": {
          "line": 36,
          "column": null
        }
      },
      "13": {
        "start": {
          "line": 59,
          "column": 2
        },
        "end": {
          "line": 59,
          "column": null
        }
      },
      "14": {
        "start": {
          "line": 11,
          "column": 22
        },
        "end": {
          "line": 11,
          "column": null
        }
      }
    },
    "fnMap": {
      "0": {
        "name": "(anonymous_0)",
        "decl": {
          "start": {
            "line": 1,
            "column": 49
          },
          "end": {
            "line": 1,
            "column": null
          }
        },
        "loc": {
          "start": {
            "line": 1,
            "column": 49
          },
          "end": {
            "line": 1,
            "column": null
          }
        }
      },
      "1": {
        "name": "(anonymous_1)",
        "decl": {
          "start": {
            "line": 11,
            "column": 7
          },
          "end": {
            "line": 11,
            "column": 22
          }
        },
        "loc": {
          "start": {
            "line": 11,
            "column": 7
          },
          "end": {
            "line": 59,
            "column": 2
          }
        }
      },
      "2": {
        "name": "(anonymous_2)",
        "decl": {
          "start": {
            "line": 12,
            "column": 1
          },
          "end": {
            "line": 12,
            "column": null
          }
        },
        "loc": {
          "start": {
            "line": 12,
            "column": 1
          },
          "end": {
            "line": 15,
            "column": null
          }
        }
      },
      "3": {
        "name": "(anonymous_3)",
        "decl": {
          "start": {
            "line": 20,
            "column": 1
          },
          "end": {
            "line": 20,
            "column": 22
          }
        },
        "loc": {
          "start": {
            "line": 22,
            "column": 2
          },
          "end": {
            "line": 29,
            "column": null
          }
        }
      }
    },
    "branchMap": {
      "0": {
        "loc": {
          "start": {
            "line": 1,
            "column": 29
          },
          "end": {
            "line": 1,
            "column": 49
          }
        },
        "type": "binary-expr",
        "locations": [
          {
            "start": {
              "line": 1,
              "column": 29
            },
            "end": {
              "line": 1,
              "column": 49
            }
          },
          {
            "start": {
              "line": 1,
              "column": 29
            },
            "end": {
              "line": 1,
              "column": 49
            }
          }
        ]
      },
      "1": {
        "loc": {
          "start": {
            "line": 1,
            "column": 49
          },
          "end": {
            "line": 1,
            "column": null
          }
        },
        "type": "if",
        "locations": [
          {
            "start": {
              "line": 1,
              "column": 49
            },
            "end": {
              "line": 1,
              "column": null
            }
          }
        ]
      },
      "2": {
        "loc": {
          "start": {
            "line": 1,
            "column": 49
          },
          "end": {
            "line": 1,
            "column": null
          }
        },
        "type": "binary-expr",
        "locations": [
          {
            "start": {
              "line": 1,
              "column": 49
            },
            "end": {
              "line": 1,
              "column": null
            }
          },
          {
            "start": {
              "line": 1,
              "column": 49
            },
            "end": {
              "line": 1,
              "column": null
            }
          }
        ]
      },
      "3": {
        "loc": {
          "start": {
            "line": 13,
            "column": 2
          },
          "end": {
            "line": 14,
            "column": null
          }
        },
        "type": "if",
        "locations": [
          {
            "start": {
              "line": 13,
              "column": 2
            },
            "end": {
              "line": 14,
              "column": null
            }
          }
        ]
      },
      "4": {
        "loc": {
          "start": {
            "line": 18,
            "column": 1
          },
          "end": {
            "line": 18,
            "column": null
          }
        },
        "type": "binary-expr",
        "locations": [
          {
            "start": {
              "line": 18,
              "column": 1
            },
            "end": {
              "line": 18,
              "column": null
            }
          },
          {
            "start": {
              "line": 18,
              "column": 1
            },
            "end": {
              "line": 18,
              "column": null
            }
          }
        ]
      },
      "5": {
        "loc": {
          "start": {
            "line": 27,
            "column": 2
          },
          "end": {
            "line": 28,
            "column": null
          }
        },
        "type": "cond-expr",
        "locations": [
          {
            "start": {
              "line": 27,
              "column": 2
            },
            "end": {
              "line": 28,
              "column": null
            }
          },
          {
            "start": {
              "line": 28,
              "column": 3
            },
            "end": {
              "line": 28,
              "column": null
            }
          }
        ]
      },
      "6": {
        "loc": {
          "start": {
            "line": 32,
            "column": 1
          },
          "end": {
            "line": 32,
            "column": null
          }
        },
        "type": "binary-expr",
        "locations": [
          {
            "start": {
              "line": 32,
              "column": 1
            },
            "end": {
              "line": 32,
              "column": null
            }
          },
          {
            "start": {
              "line": 32,
              "column": 1
            },
            "end": {
              "line": 32,
              "column": null
            }
          }
        ]
      },
      "7": {
        "loc": {
          "start": {
            "line": 33,
            "column": 1
          },
          "end": {
            "line": 33,
            "column": null
          }
        },
        "type": "binary-expr",
        "locations": [
          {
            "start": {
              "line": 33,
              "column": 1
            },
            "end": {
              "line": 33,
              "column": null
            }
          },
          {
            "start": {
              "line": 33,
              "column": 1
            },
            "end": {
              "line": 33,
              "column": null
            }
          }
        ]
      },
      "8": {
        "loc": {
          "start": {
            "line": 35,
            "column": 1
          },
          "end": {
            "line": 35,
            "column": null
          }
        },
        "type": "cond-expr",
        "locations": [
          {
            "start": {
              "line": 35,
              "column": 1
            },
            "end": {
              "line": 35,
              "column": null
            }
          },
          {
            "start": {
              "line": 35,
              "column": 1
            },
            "end": {
              "line": 35,
              "column": null
            }
          }
        ]
      },
      "9": {
        "loc": {
          "start": {
            "line": 42,
            "column": 4
          },
          "end": {
            "line": 43,
            "column": null
          }
        },
        "type": "cond-expr",
        "locations": [
          {
            "start": {
              "line": 42,
              "column": 4
            },
            "end": {
              "line": 43,
              "column": null
            }
          },
          {
            "start": {
              "line": 43,
              "column": 4
            },
            "end": {
              "line": 43,
              "column": null
            }
          }
        ]
      },
      "10": {
        "loc": {
          "start": {
            "line": 46,
            "column": 7
          },
          "end": {
            "line": 50,
            "column": 78
          }
        },
        "type": "cond-expr",
        "locations": [
          {
            "start": {
              "line": 46,
              "column": 7
            },
            "end": {
              "line": 48,
              "column": null
            }
          },
          {
            "start": {
              "line": 48,
              "column": 4
            },
            "end": {
              "line": 50,
              "column": 78
            }
          }
        ]
      },
      "11": {
        "loc": {
          "start": {
            "line": 50,
            "column": 78
          },
          "end": {
            "line": 53,
            "column": null
          }
        },
        "type": "cond-expr",
        "locations": [
          {
            "start": {
              "line": 50,
              "column": 78
            },
            "end": {
              "line": 53,
              "column": null
            }
          },
          {
            "start": {
              "line": 53,
              "column": 4
            },
            "end": {
              "line": 53,
              "column": null
            }
          }
        ]
      }
    },
    "s": {
      "0": 9,
      "1": 63,
      "2": 9,
      "3": 9,
      "4": 21,
      "5": 1,
      "6": 1,
      "7": 21,
      "8": 21,
      "9": 21,
      "10": 21,
      "11": 21,
      "12": 21,
      "13": 9,
      "14": 9
    },
    "f": {
      "0": 9,
      "1": 21,
      "2": 1,
      "3": 21
    },
    "b": {
      "0": [
        9,
        0
      ],
      "1": [
        9
      ],
      "2": [
        9,
        9
      ],
      "3": [
        1
      ],
      "4": [
        21,
        1
      ],
      "5": [
        21,
        0
      ],
      "6": [
        21,
        0
      ],
      "7": [
        21,
        1
      ],
      "8": [
        0,
        21
      ],
      "9": [
        2,
        19
      ],
      "10": [
        0,
        21
      ],
      "11": [
        2,
        19
      ]
    }
  },
  "/Users/shubhadipmaity/projects/react-vite-component-library/src/lib/shared/validations.ts": {
    "path": "/Users/shubhadipmaity/projects/react-vite-component-library/src/lib/shared/validations.ts",
    "statementMap": {
      "0": {
        "start": {
          "line": 15,
          "column": 24
        },
        "end": {
          "line": 27,
          "column": null
        }
      },
      "1": {
        "start": {
          "line": 16,
          "column": 1
        },
        "end": {
          "line": 26,
          "column": null
        }
      },
      "2": {
        "start": {
          "line": 17,
          "column": 2
        },
        "end": {
          "line": 17,
          "column": null
        }
      },
      "3": {
        "start": {
          "line": 18,
          "column": 1
        },
        "end": {
          "line": 26,
          "column": null
        }
      },
      "4": {
        "start": {
          "line": 19,
          "column": 2
        },
        "end": {
          "line": 19,
          "column": null
        }
      },
      "5": {
        "start": {
          "line": 20,
          "column": 1
        },
        "end": {
          "line": 26,
          "column": null
        }
      },
      "6": {
        "start": {
          "line": 21,
          "column": 2
        },
        "end": {
          "line": 21,
          "column": null
        }
      },
      "7": {
        "start": {
          "line": 22,
          "column": 1
        },
        "end": {
          "line": 26,
          "column": null
        }
      },
      "8": {
        "start": {
          "line": 23,
          "column": 2
        },
        "end": {
          "line": 23,
          "column": null
        }
      },
      "9": {
        "start": {
          "line": 25,
          "column": 2
        },
        "end": {
          "line": 25,
          "column": null
        }
      },
      "10": {
        "start": {
          "line": 29,
          "column": 21
        },
        "end": {
          "line": 37,
          "column": null
        }
      },
      "11": {
        "start": {
          "line": 30,
          "column": 1
        },
        "end": {
          "line": 32,
          "column": null
        }
      },
      "12": {
        "start": {
          "line": 31,
          "column": 2
        },
        "end": {
          "line": 31,
          "column": null
        }
      },
      "13": {
        "start": {
          "line": 33,
          "column": 20
        },
        "end": {
          "line": 35,
          "column": null
        }
      },
      "14": {
        "start": {
          "line": 36,
          "column": 1
        },
        "end": {
          "line": 36,
          "column": null
        }
      },
      "15": {
        "start": {
          "line": 39,
          "column": 22
        },
        "end": {
          "line": 45,
          "column": null
        }
      },
      "16": {
        "start": {
          "line": 40,
          "column": 1
        },
        "end": {
          "line": 42,
          "column": null
        }
      },
      "17": {
        "start": {
          "line": 41,
          "column": 2
        },
        "end": {
          "line": 41,
          "column": null
        }
      },
      "18": {
        "start": {
          "line": 43,
          "column": 21
        },
        "end": {
          "line": 43,
          "column": null
        }
      },
      "19": {
        "start": {
          "line": 44,
          "column": 1
        },
        "end": {
          "line": 44,
          "column": null
        }
      },
      "20": {
        "start": {
          "line": 47,
          "column": 23
        },
        "end": {
          "line": 50,
          "column": null
        }
      },
      "21": {
        "start": {
          "line": 48,
          "column": 22
        },
        "end": {
          "line": 48,
          "column": null
        }
      },
      "22": {
        "start": {
          "line": 49,
          "column": 1
        },
        "end": {
          "line": 49,
          "column": null
        }
      },
      "23": {
        "start": {
          "line": 52,
          "column": 29
        },
        "end": {
          "line": 54,
          "column": null
        }
      },
      "24": {
        "start": {
          "line": 53,
          "column": 1
        },
        "end": {
          "line": 53,
          "column": null
        }
      },
      "25": {
        "start": {
          "line": 56,
          "column": 21
        },
        "end": {
          "line": 58,
          "column": null
        }
      },
      "26": {
        "start": {
          "line": 57,
          "column": 1
        },
        "end": {
          "line": 57,
          "column": null
        }
      },
      "27": {
        "start": {
          "line": 60,
          "column": 29
        },
        "end": {
          "line": 62,
          "column": null
        }
      },
      "28": {
        "start": {
          "line": 61,
          "column": 1
        },
        "end": {
          "line": 61,
          "column": null
        }
      },
      "29": {
        "start": {
          "line": 64,
          "column": 24
        },
        "end": {
          "line": 72,
          "column": null
        }
      },
      "30": {
        "start": {
          "line": 65,
          "column": 1
        },
        "end": {
          "line": 71,
          "column": null
        }
      },
      "31": {
        "start": {
          "line": 66,
          "column": 2
        },
        "end": {
          "line": 66,
          "column": null
        }
      },
      "32": {
        "start": {
          "line": 67,
          "column": 1
        },
        "end": {
          "line": 71,
          "column": null
        }
      },
      "33": {
        "start": {
          "line": 68,
          "column": 2
        },
        "end": {
          "line": 68,
          "column": null
        }
      },
      "34": {
        "start": {
          "line": 70,
          "column": 2
        },
        "end": {
          "line": 70,
          "column": null
        }
      },
      "35": {
        "start": {
          "line": 74,
          "column": 25
        },
        "end": {
          "line": 80,
          "column": null
        }
      },
      "36": {
        "start": {
          "line": 75,
          "column": 1
        },
        "end": {
          "line": 79,
          "column": null
        }
      },
      "37": {
        "start": {
          "line": 76,
          "column": 2
        },
        "end": {
          "line": 76,
          "column": null
        }
      },
      "38": {
        "start": {
          "line": 78,
          "column": 2
        },
        "end": {
          "line": 78,
          "column": null
        }
      },
      "39": {
        "start": {
          "line": 82,
          "column": 25
        },
        "end": {
          "line": 88,
          "column": null
        }
      },
      "40": {
        "start": {
          "line": 83,
          "column": 1
        },
        "end": {
          "line": 85,
          "column": null
        }
      },
      "41": {
        "start": {
          "line": 84,
          "column": 2
        },
        "end": {
          "line": 84,
          "column": null
        }
      },
      "42": {
        "start": {
          "line": 87,
          "column": 1
        },
        "end": {
          "line": 87,
          "column": null
        }
      },
      "43": {
        "start": {
          "line": 90,
          "column": 24
        },
        "end": {
          "line": 98,
          "column": null
        }
      },
      "44": {
        "start": {
          "line": 91,
          "column": 1
        },
        "end": {
          "line": 97,
          "column": null
        }
      },
      "45": {
        "start": {
          "line": 92,
          "column": 2
        },
        "end": {
          "line": 92,
          "column": null
        }
      },
      "46": {
        "start": {
          "line": 93,
          "column": 1
        },
        "end": {
          "line": 97,
          "column": null
        }
      },
      "47": {
        "start": {
          "line": 94,
          "column": 2
        },
        "end": {
          "line": 94,
          "column": null
        }
      },
      "48": {
        "start": {
          "line": 96,
          "column": 2
        },
        "end": {
          "line": 96,
          "column": null
        }
      },
      "49": {
        "start": {
          "line": 100,
          "column": 25
        },
        "end": {
          "line": 103,
          "column": null
        }
      },
      "50": {
        "start": {
          "line": 101,
          "column": 15
        },
        "end": {
          "line": 101,
          "column": null
        }
      },
      "51": {
        "start": {
          "line": 102,
          "column": 1
        },
        "end": {
          "line": 102,
          "column": null
        }
      },
      "52": {
        "start": {
          "line": 105,
          "column": 25
        },
        "end": {
          "line": 108,
          "column": null
        }
      },
      "53": {
        "start": {
          "line": 106,
          "column": 15
        },
        "end": {
          "line": 106,
          "column": null
        }
      },
      "54": {
        "start": {
          "line": 107,
          "column": 1
        },
        "end": {
          "line": 107,
          "column": null
        }
      },
      "55": {
        "start": {
          "line": 110,
          "column": 28
        },
        "end": {
          "line": 113,
          "column": null
        }
      },
      "56": {
        "start": {
          "line": 111,
          "column": 15
        },
        "end": {
          "line": 111,
          "column": null
        }
      },
      "57": {
        "start": {
          "line": 112,
          "column": 1
        },
        "end": {
          "line": 112,
          "column": null
        }
      },
      "58": {
        "start": {
          "line": 115,
          "column": 21
        },
        "end": {
          "line": 118,
          "column": null
        }
      },
      "59": {
        "start": {
          "line": 116,
          "column": 15
        },
        "end": {
          "line": 116,
          "column": null
        }
      },
      "60": {
        "start": {
          "line": 117,
          "column": 1
        },
        "end": {
          "line": 117,
          "column": null
        }
      },
      "61": {
        "start": {
          "line": 125,
          "column": 28
        },
        "end": {
          "line": 134,
          "column": null
        }
      },
      "62": {
        "start": {
          "line": 126,
          "column": 1
        },
        "end": {
          "line": 128,
          "column": null
        }
      },
      "63": {
        "start": {
          "line": 127,
          "column": 2
        },
        "end": {
          "line": 127,
          "column": null
        }
      },
      "64": {
        "start": {
          "line": 129,
          "column": 15
        },
        "end": {
          "line": 129,
          "column": null
        }
      },
      "65": {
        "start": {
          "line": 130,
          "column": 1
        },
        "end": {
          "line": 132,
          "column": null
        }
      },
      "66": {
        "start": {
          "line": 131,
          "column": 2
        },
        "end": {
          "line": 131,
          "column": null
        }
      },
      "67": {
        "start": {
          "line": 133,
          "column": 1
        },
        "end": {
          "line": 133,
          "column": null
        }
      },
      "68": {
        "start": {
          "line": 136,
          "column": 37
        },
        "end": {
          "line": 145,
          "column": null
        }
      },
      "69": {
        "start": {
          "line": 137,
          "column": 1
        },
        "end": {
          "line": 139,
          "column": null
        }
      },
      "70": {
        "start": {
          "line": 138,
          "column": 2
        },
        "end": {
          "line": 138,
          "column": null
        }
      },
      "71": {
        "start": {
          "line": 140,
          "column": 15
        },
        "end": {
          "line": 140,
          "column": null
        }
      },
      "72": {
        "start": {
          "line": 141,
          "column": 1
        },
        "end": {
          "line": 143,
          "column": null
        }
      },
      "73": {
        "start": {
          "line": 142,
          "column": 2
        },
        "end": {
          "line": 142,
          "column": null
        }
      },
      "74": {
        "start": {
          "line": 144,
          "column": 1
        },
        "end": {
          "line": 144,
          "column": null
        }
      },
      "75": {
        "start": {
          "line": 147,
          "column": 26
        },
        "end": {
          "line": 149,
          "column": null
        }
      },
      "76": {
        "start": {
          "line": 148,
          "column": 1
        },
        "end": {
          "line": 148,
          "column": null
        }
      },
      "77": {
        "start": {
          "line": 151,
          "column": 47
        },
        "end": {
          "line": 170,
          "column": null
        }
      },
      "78": {
        "start": {
          "line": 174,
          "column": 50
        },
        "end": {
          "line": 193,
          "column": null
        }
      },
      "79": {
        "start": {
          "line": 195,
          "column": 29
        },
        "end": {
          "line": 229,
          "column": null
        }
      },
      "80": {
        "start": {
          "line": 196,
          "column": 15
        },
        "end": {
          "line": 196,
          "column": null
        }
      },
      "81": {
        "start": {
          "line": 197,
          "column": 1
        },
        "end": {
          "line": 227,
          "column": null
        }
      },
      "82": {
        "start": {
          "line": 199,
          "column": 3
        },
        "end": {
          "line": 199,
          "column": null
        }
      },
      "83": {
        "start": {
          "line": 200,
          "column": 3
        },
        "end": {
          "line": 200,
          "column": null
        }
      },
      "84": {
        "start": {
          "line": 202,
          "column": 3
        },
        "end": {
          "line": 202,
          "column": null
        }
      },
      "85": {
        "start": {
          "line": 203,
          "column": 3
        },
        "end": {
          "line": 203,
          "column": null
        }
      },
      "86": {
        "start": {
          "line": 205,
          "column": 3
        },
        "end": {
          "line": 205,
          "column": null
        }
      },
      "87": {
        "start": {
          "line": 206,
          "column": 3
        },
        "end": {
          "line": 206,
          "column": null
        }
      },
      "88": {
        "start": {
          "line": 208,
          "column": 3
        },
        "end": {
          "line": 208,
          "column": null
        }
      },
      "89": {
        "start": {
          "line": 209,
          "column": 3
        },
        "end": {
          "line": 209,
          "column": null
        }
      },
      "90": {
        "start": {
          "line": 211,
          "column": 3
        },
        "end": {
          "line": 211,
          "column": null
        }
      },
      "91": {
        "start": {
          "line": 212,
          "column": 3
        },
        "end": {
          "line": 212,
          "column": null
        }
      },
      "92": {
        "start": {
          "line": 214,
          "column": 3
        },
        "end": {
          "line": 214,
          "column": null
        }
      },
      "93": {
        "start": {
          "line": 215,
          "column": 3
        },
        "end": {
          "line": 215,
          "column": null
        }
      },
      "94": {
        "start": {
          "line": 217,
          "column": 3
        },
        "end": {
          "line": 217,
          "column": null
        }
      },
      "95": {
        "start": {
          "line": 218,
          "column": 3
        },
        "end": {
          "line": 218,
          "column": null
        }
      },
      "96": {
        "start": {
          "line": 220,
          "column": 3
        },
        "end": {
          "line": 220,
          "column": null
        }
      },
      "97": {
        "start": {
          "line": 221,
          "column": 3
        },
        "end": {
          "line": 221,
          "column": null
        }
      },
      "98": {
        "start": {
          "line": 223,
          "column": 3
        },
        "end": {
          "line": 225,
          "column": null
        }
      },
      "99": {
        "start": {
          "line": 224,
          "column": 4
        },
        "end": {
          "line": 224,
          "column": null
        }
      },
      "100": {
        "start": {
          "line": 226,
          "column": 3
        },
        "end": {
          "line": 226,
          "column": null
        }
      },
      "101": {
        "start": {
          "line": 228,
          "column": 1
        },
        "end": {
          "line": 228,
          "column": null
        }
      },
      "102": {
        "start": {
          "line": 232,
          "column": 33
        },
        "end": {
          "line": 275,
          "column": null
        }
      },
      "103": {
        "start": {
          "line": 233,
          "column": 26
        },
        "end": {
          "line": 233,
          "column": null
        }
      },
      "104": {
        "start": {
          "line": 235,
          "column": 1
        },
        "end": {
          "line": 274,
          "column": null
        }
      },
      "105": {
        "start": {
          "line": 236,
          "column": 2
        },
        "end": {
          "line": 236,
          "column": null
        }
      },
      "106": {
        "start": {
          "line": 238,
          "column": 2
        },
        "end": {
          "line": 272,
          "column": null
        }
      },
      "107": {
        "start": {
          "line": 238,
          "column": 15
        },
        "end": {
          "line": 238,
          "column": 18
        }
      },
      "108": {
        "start": {
          "line": 239,
          "column": 3
        },
        "end": {
          "line": 266,
          "column": null
        }
      },
      "109": {
        "start": {
          "line": 240,
          "column": 4
        },
        "end": {
          "line": 240,
          "column": null
        }
      },
      "110": {
        "start": {
          "line": 241,
          "column": 4
        },
        "end": {
          "line": 241,
          "column": null
        }
      },
      "111": {
        "start": {
          "line": 242,
          "column": 4
        },
        "end": {
          "line": 244,
          "column": null
        }
      },
      "112": {
        "start": {
          "line": 243,
          "column": 5
        },
        "end": {
          "line": 243,
          "column": null
        }
      },
      "113": {
        "start": {
          "line": 245,
          "column": 3
        },
        "end": {
          "line": 266,
          "column": null
        }
      },
      "114": {
        "start": {
          "line": 246,
          "column": 4
        },
        "end": {
          "line": 263,
          "column": null
        }
      },
      "115": {
        "start": {
          "line": 247,
          "column": 5
        },
        "end": {
          "line": 251,
          "column": null
        }
      },
      "116": {
        "start": {
          "line": 252,
          "column": 5
        },
        "end": {
          "line": 252,
          "column": null
        }
      },
      "117": {
        "start": {
          "line": 253,
          "column": 5
        },
        "end": {
          "line": 260,
          "column": null
        }
      },
      "118": {
        "start": {
          "line": 255,
          "column": 6
        },
        "end": {
          "line": 259,
          "column": null
        }
      },
      "119": {
        "start": {
          "line": 256,
          "column": 7
        },
        "end": {
          "line": 256,
          "column": null
        }
      },
      "120": {
        "start": {
          "line": 258,
          "column": 7
        },
        "end": {
          "line": 258,
          "column": null
        }
      },
      "121": {
        "start": {
          "line": 262,
          "column": 5
        },
        "end": {
          "line": 262,
          "column": null
        }
      },
      "122": {
        "start": {
          "line": 265,
          "column": 4
        },
        "end": {
          "line": 265,
          "column": null
        }
      },
      "123": {
        "start": {
          "line": 269,
          "column": 3
        },
        "end": {
          "line": 271,
          "column": null
        }
      },
      "124": {
        "start": {
          "line": 270,
          "column": 4
        },
        "end": {
          "line": 270,
          "column": null
        }
      },
      "125": {
        "start": {
          "line": 273,
          "column": 2
        },
        "end": {
          "line": 273,
          "column": null
        }
      }
    },
    "fnMap": {
      "0": {
        "name": "(anonymous_0)",
        "decl": {
          "start": {
            "line": 15,
            "column": 24
          },
          "end": {
            "line": 15,
            "column": 25
          }
        },
        "loc": {
          "start": {
            "line": 15,
            "column": 40
          },
          "end": {
            "line": 27,
            "column": null
          }
        }
      },
      "1": {
        "name": "(anonymous_1)",
        "decl": {
          "start": {
            "line": 29,
            "column": 21
          },
          "end": {
            "line": 29,
            "column": 22
          }
        },
        "loc": {
          "start": {
            "line": 29,
            "column": 40
          },
          "end": {
            "line": 37,
            "column": null
          }
        }
      },
      "2": {
        "name": "(anonymous_2)",
        "decl": {
          "start": {
            "line": 39,
            "column": 22
          },
          "end": {
            "line": 39,
            "column": 23
          }
        },
        "loc": {
          "start": {
            "line": 39,
            "column": 42
          },
          "end": {
            "line": 45,
            "column": null
          }
        }
      },
      "3": {
        "name": "(anonymous_3)",
        "decl": {
          "start": {
            "line": 47,
            "column": 23
          },
          "end": {
            "line": 47,
            "column": 24
          }
        },
        "loc": {
          "start": {
            "line": 47,
            "column": 44
          },
          "end": {
            "line": 50,
            "column": null
          }
        }
      },
      "4": {
        "name": "(anonymous_4)",
        "decl": {
          "start": {
            "line": 52,
            "column": 29
          },
          "end": {
            "line": 52,
            "column": 30
          }
        },
        "loc": {
          "start": {
            "line": 52,
            "column": 54
          },
          "end": {
            "line": 54,
            "column": null
          }
        }
      },
      "5": {
        "name": "(anonymous_5)",
        "decl": {
          "start": {
            "line": 56,
            "column": 21
          },
          "end": {
            "line": 56,
            "column": 22
          }
        },
        "loc": {
          "start": {
            "line": 56,
            "column": 61
          },
          "end": {
            "line": 58,
            "column": null
          }
        }
      },
      "6": {
        "name": "(anonymous_6)",
        "decl": {
          "start": {
            "line": 60,
            "column": 29
          },
          "end": {
            "line": 60,
            "column": 30
          }
        },
        "loc": {
          "start": {
            "line": 60,
            "column": 69
          },
          "end": {
            "line": 62,
            "column": null
          }
        }
      },
      "7": {
        "name": "(anonymous_7)",
        "decl": {
          "start": {
            "line": 64,
            "column": 24
          },
          "end": {
            "line": 64,
            "column": 25
          }
        },
        "loc": {
          "start": {
            "line": 64,
            "column": 79
          },
          "end": {
            "line": 72,
            "column": null
          }
        }
      },
      "8": {
        "name": "(anonymous_8)",
        "decl": {
          "start": {
            "line": 74,
            "column": 25
          },
          "end": {
            "line": 74,
            "column": 26
          }
        },
        "loc": {
          "start": {
            "line": 74,
            "column": 63
          },
          "end": {
            "line": 80,
            "column": null
          }
        }
      },
      "9": {
        "name": "(anonymous_9)",
        "decl": {
          "start": {
            "line": 82,
            "column": 25
          },
          "end": {
            "line": 82,
            "column": 26
          }
        },
        "loc": {
          "start": {
            "line": 82,
            "column": 63
          },
          "end": {
            "line": 88,
            "column": null
          }
        }
      },
      "10": {
        "name": "(anonymous_10)",
        "decl": {
          "start": {
            "line": 90,
            "column": 24
          },
          "end": {
            "line": 90,
            "column": 25
          }
        },
        "loc": {
          "start": {
            "line": 90,
            "column": 79
          },
          "end": {
            "line": 98,
            "column": null
          }
        }
      },
      "11": {
        "name": "(anonymous_11)",
        "decl": {
          "start": {
            "line": 100,
            "column": 25
          },
          "end": {
            "line": 100,
            "column": 26
          }
        },
        "loc": {
          "start": {
            "line": 100,
            "column": 44
          },
          "end": {
            "line": 103,
            "column": null
          }
        }
      },
      "12": {
        "name": "(anonymous_12)",
        "decl": {
          "start": {
            "line": 105,
            "column": 25
          },
          "end": {
            "line": 105,
            "column": 26
          }
        },
        "loc": {
          "start": {
            "line": 105,
            "column": 44
          },
          "end": {
            "line": 108,
            "column": null
          }
        }
      },
      "13": {
        "name": "(anonymous_13)",
        "decl": {
          "start": {
            "line": 110,
            "column": 28
          },
          "end": {
            "line": 110,
            "column": 29
          }
        },
        "loc": {
          "start": {
            "line": 110,
            "column": 47
          },
          "end": {
            "line": 113,
            "column": null
          }
        }
      },
      "14": {
        "name": "(anonymous_14)",
        "decl": {
          "start": {
            "line": 115,
            "column": 21
          },
          "end": {
            "line": 115,
            "column": 22
          }
        },
        "loc": {
          "start": {
            "line": 115,
            "column": 40
          },
          "end": {
            "line": 118,
            "column": null
          }
        }
      },
      "15": {
        "name": "(anonymous_15)",
        "decl": {
          "start": {
            "line": 125,
            "column": 28
          },
          "end": {
            "line": 125,
            "column": 29
          }
        },
        "loc": {
          "start": {
            "line": 125,
            "column": 47
          },
          "end": {
            "line": 134,
            "column": null
          }
        }
      },
      "16": {
        "name": "(anonymous_16)",
        "decl": {
          "start": {
            "line": 136,
            "column": 37
          },
          "end": {
            "line": 136,
            "column": 38
          }
        },
        "loc": {
          "start": {
            "line": 136,
            "column": 56
          },
          "end": {
            "line": 145,
            "column": null
          }
        }
      },
      "17": {
        "name": "(anonymous_17)",
        "decl": {
          "start": {
            "line": 147,
            "column": 26
          },
          "end": {
            "line": 147,
            "column": 27
          }
        },
        "loc": {
          "start": {
            "line": 147,
            "column": 63
          },
          "end": {
            "line": 149,
            "column": null
          }
        }
      },
      "18": {
        "name": "(anonymous_18)",
        "decl": {
          "start": {
            "line": 195,
            "column": 29
          },
          "end": {
            "line": 195,
            "column": 30
          }
        },
        "loc": {
          "start": {
            "line": 195,
            "column": 86
          },
          "end": {
            "line": 229,
            "column": null
          }
        }
      },
      "19": {
        "name": "(anonymous_19)",
        "decl": {
          "start": {
            "line": 232,
            "column": 33
          },
          "end": {
            "line": 232,
            "column": 34
          }
        },
        "loc": {
          "start": {
            "line": 232,
            "column": 85
          },
          "end": {
            "line": 275,
            "column": null
          }
        }
      }
    },
    "branchMap": {
      "0": {
        "loc": {
          "start": {
            "line": 16,
            "column": 1
          },
          "end": {
            "line": 26,
            "column": null
          }
        },
        "type": "if",
        "locations": [
          {
            "start": {
              "line": 16,
              "column": 1
            },
            "end": {
              "line": 26,
              "column": null
            }
          },
          {
            "start": {
              "line": 18,
              "column": 1
            },
            "end": {
              "line": 26,
              "column": null
            }
          }
        ]
      },
      "1": {
        "loc": {
          "start": {
            "line": 18,
            "column": 1
          },
          "end": {
            "line": 26,
            "column": null
          }
        },
        "type": "if",
        "locations": [
          {
            "start": {
              "line": 18,
              "column": 1
            },
            "end": {
              "line": 26,
              "column": null
            }
          },
          {
            "start": {
              "line": 20,
              "column": 1
            },
            "end": {
              "line": 26,
              "column": null
            }
          }
        ]
      },
      "2": {
        "loc": {
          "start": {
            "line": 18,
            "column": 12
          },
          "end": {
            "line": 18,
            "column": 69
          }
        },
        "type": "binary-expr",
        "locations": [
          {
            "start": {
              "line": 18,
              "column": 12
            },
            "end": {
              "line": 18,
              "column": 41
            }
          },
          {
            "start": {
              "line": 18,
              "column": 41
            },
            "end": {
              "line": 18,
              "column": 69
            }
          }
        ]
      },
      "3": {
        "loc": {
          "start": {
            "line": 20,
            "column": 1
          },
          "end": {
            "line": 26,
            "column": null
          }
        },
        "type": "if",
        "locations": [
          {
            "start": {
              "line": 20,
              "column": 1
            },
            "end": {
              "line": 26,
              "column": null
            }
          },
          {
            "start": {
              "line": 22,
              "column": 1
            },
            "end": {
              "line": 26,
              "column": null
            }
          }
        ]
      },
      "4": {
        "loc": {
          "start": {
            "line": 20,
            "column": 12
          },
          "end": {
            "line": 20,
            "column": 60
          }
        },
        "type": "binary-expr",
        "locations": [
          {
            "start": {
              "line": 20,
              "column": 12
            },
            "end": {
              "line": 20,
              "column": 40
            }
          },
          {
            "start": {
              "line": 20,
              "column": 40
            },
            "end": {
              "line": 20,
              "column": 60
            }
          }
        ]
      },
      "5": {
        "loc": {
          "start": {
            "line": 22,
            "column": 1
          },
          "end": {
            "line": 26,
            "column": null
          }
        },
        "type": "if",
        "locations": [
          {
            "start": {
              "line": 22,
              "column": 1
            },
            "end": {
              "line": 26,
              "column": null
            }
          },
          {
            "start": {
              "line": 24,
              "column": 8
            },
            "end": {
              "line": 26,
              "column": null
            }
          }
        ]
      },
      "6": {
        "loc": {
          "start": {
            "line": 22,
            "column": 12
          },
          "end": {
            "line": 22,
            "column": 62
          }
        },
        "type": "binary-expr",
        "locations": [
          {
            "start": {
              "line": 22,
              "column": 12
            },
            "end": {
              "line": 22,
              "column": 43
            }
          },
          {
            "start": {
              "line": 22,
              "column": 43
            },
            "end": {
              "line": 22,
              "column": 62
            }
          }
        ]
      },
      "7": {
        "loc": {
          "start": {
            "line": 30,
            "column": 1
          },
          "end": {
            "line": 32,
            "column": null
          }
        },
        "type": "if",
        "locations": [
          {
            "start": {
              "line": 30,
              "column": 1
            },
            "end": {
              "line": 32,
              "column": null
            }
          }
        ]
      },
      "8": {
        "loc": {
          "start": {
            "line": 30,
            "column": 5
          },
          "end": {
            "line": 30,
            "column": 47
          }
        },
        "type": "binary-expr",
        "locations": [
          {
            "start": {
              "line": 30,
              "column": 5
            },
            "end": {
              "line": 30,
              "column": 33
            }
          },
          {
            "start": {
              "line": 30,
              "column": 33
            },
            "end": {
              "line": 30,
              "column": 47
            }
          }
        ]
      },
      "9": {
        "loc": {
          "start": {
            "line": 40,
            "column": 1
          },
          "end": {
            "line": 42,
            "column": null
          }
        },
        "type": "if",
        "locations": [
          {
            "start": {
              "line": 40,
              "column": 1
            },
            "end": {
              "line": 42,
              "column": null
            }
          }
        ]
      },
      "10": {
        "loc": {
          "start": {
            "line": 40,
            "column": 5
          },
          "end": {
            "line": 40,
            "column": 49
          }
        },
        "type": "binary-expr",
        "locations": [
          {
            "start": {
              "line": 40,
              "column": 5
            },
            "end": {
              "line": 40,
              "column": 34
            }
          },
          {
            "start": {
              "line": 40,
              "column": 34
            },
            "end": {
              "line": 40,
              "column": 49
            }
          }
        ]
      },
      "11": {
        "loc": {
          "start": {
            "line": 53,
            "column": 8
          },
          "end": {
            "line": 53,
            "column": null
          }
        },
        "type": "cond-expr",
        "locations": [
          {
            "start": {
              "line": 53,
              "column": 47
            },
            "end": {
              "line": 53,
              "column": 67
            }
          },
          {
            "start": {
              "line": 53,
              "column": 67
            },
            "end": {
              "line": 53,
              "column": null
            }
          }
        ]
      },
      "12": {
        "loc": {
          "start": {
            "line": 65,
            "column": 1
          },
          "end": {
            "line": 71,
            "column": null
          }
        },
        "type": "if",
        "locations": [
          {
            "start": {
              "line": 65,
              "column": 1
            },
            "end": {
              "line": 71,
              "column": null
            }
          },
          {
            "start": {
              "line": 67,
              "column": 1
            },
            "end": {
              "line": 71,
              "column": null
            }
          }
        ]
      },
      "13": {
        "loc": {
          "start": {
            "line": 65,
            "column": 5
          },
          "end": {
            "line": 65,
            "column": 58
          }
        },
        "type": "binary-expr",
        "locations": [
          {
            "start": {
              "line": 65,
              "column": 5
            },
            "end": {
              "line": 65,
              "column": 34
            }
          },
          {
            "start": {
              "line": 65,
              "column": 34
            },
            "end": {
              "line": 65,
              "column": 58
            }
          }
        ]
      },
      "14": {
        "loc": {
          "start": {
            "line": 67,
            "column": 1
          },
          "end": {
            "line": 71,
            "column": null
          }
        },
        "type": "if",
        "locations": [
          {
            "start": {
              "line": 67,
              "column": 1
            },
            "end": {
              "line": 71,
              "column": null
            }
          },
          {
            "start": {
              "line": 69,
              "column": 8
            },
            "end": {
              "line": 71,
              "column": null
            }
          }
        ]
      },
      "15": {
        "loc": {
          "start": {
            "line": 75,
            "column": 1
          },
          "end": {
            "line": 79,
            "column": null
          }
        },
        "type": "if",
        "locations": [
          {
            "start": {
              "line": 75,
              "column": 1
            },
            "end": {
              "line": 79,
              "column": null
            }
          },
          {
            "start": {
              "line": 77,
              "column": 8
            },
            "end": {
              "line": 79,
              "column": null
            }
          }
        ]
      },
      "16": {
        "loc": {
          "start": {
            "line": 83,
            "column": 1
          },
          "end": {
            "line": 85,
            "column": null
          }
        },
        "type": "if",
        "locations": [
          {
            "start": {
              "line": 83,
              "column": 1
            },
            "end": {
              "line": 85,
              "column": null
            }
          }
        ]
      },
      "17": {
        "loc": {
          "start": {
            "line": 91,
            "column": 1
          },
          "end": {
            "line": 97,
            "column": null
          }
        },
        "type": "if",
        "locations": [
          {
            "start": {
              "line": 91,
              "column": 1
            },
            "end": {
              "line": 97,
              "column": null
            }
          },
          {
            "start": {
              "line": 93,
              "column": 1
            },
            "end": {
              "line": 97,
              "column": null
            }
          }
        ]
      },
      "18": {
        "loc": {
          "start": {
            "line": 91,
            "column": 5
          },
          "end": {
            "line": 91,
            "column": 58
          }
        },
        "type": "binary-expr",
        "locations": [
          {
            "start": {
              "line": 91,
              "column": 5
            },
            "end": {
              "line": 91,
              "column": 34
            }
          },
          {
            "start": {
              "line": 91,
              "column": 34
            },
            "end": {
              "line": 91,
              "column": 58
            }
          }
        ]
      },
      "19": {
        "loc": {
          "start": {
            "line": 93,
            "column": 1
          },
          "end": {
            "line": 97,
            "column": null
          }
        },
        "type": "if",
        "locations": [
          {
            "start": {
              "line": 93,
              "column": 1
            },
            "end": {
              "line": 97,
              "column": null
            }
          },
          {
            "start": {
              "line": 95,
              "column": 8
            },
            "end": {
              "line": 97,
              "column": null
            }
          }
        ]
      },
      "20": {
        "loc": {
          "start": {
            "line": 102,
            "column": 8
          },
          "end": {
            "line": 102,
            "column": null
          }
        },
        "type": "binary-expr",
        "locations": [
          {
            "start": {
              "line": 102,
              "column": 8
            },
            "end": {
              "line": 102,
              "column": 30
            }
          },
          {
            "start": {
              "line": 102,
              "column": 30
            },
            "end": {
              "line": 102,
              "column": 46
            }
          },
          {
            "start": {
              "line": 102,
              "column": 46
            },
            "end": {
              "line": 102,
              "column": null
            }
          }
        ]
      },
      "21": {
        "loc": {
          "start": {
            "line": 107,
            "column": 8
          },
          "end": {
            "line": 107,
            "column": null
          }
        },
        "type": "binary-expr",
        "locations": [
          {
            "start": {
              "line": 107,
              "column": 8
            },
            "end": {
              "line": 107,
              "column": 30
            }
          },
          {
            "start": {
              "line": 107,
              "column": 30
            },
            "end": {
              "line": 107,
              "column": 46
            }
          },
          {
            "start": {
              "line": 107,
              "column": 46
            },
            "end": {
              "line": 107,
              "column": null
            }
          }
        ]
      },
      "22": {
        "loc": {
          "start": {
            "line": 112,
            "column": 8
          },
          "end": {
            "line": 112,
            "column": null
          }
        },
        "type": "binary-expr",
        "locations": [
          {
            "start": {
              "line": 112,
              "column": 8
            },
            "end": {
              "line": 112,
              "column": 30
            }
          },
          {
            "start": {
              "line": 112,
              "column": 30
            },
            "end": {
              "line": 112,
              "column": 46
            }
          },
          {
            "start": {
              "line": 112,
              "column": 46
            },
            "end": {
              "line": 112,
              "column": null
            }
          }
        ]
      },
      "23": {
        "loc": {
          "start": {
            "line": 117,
            "column": 8
          },
          "end": {
            "line": 117,
            "column": null
          }
        },
        "type": "binary-expr",
        "locations": [
          {
            "start": {
              "line": 117,
              "column": 8
            },
            "end": {
              "line": 117,
              "column": 30
            }
          },
          {
            "start": {
              "line": 117,
              "column": 30
            },
            "end": {
              "line": 117,
              "column": 46
            }
          },
          {
            "start": {
              "line": 117,
              "column": 46
            },
            "end": {
              "line": 117,
              "column": null
            }
          }
        ]
      },
      "24": {
        "loc": {
          "start": {
            "line": 126,
            "column": 1
          },
          "end": {
            "line": 128,
            "column": null
          }
        },
        "type": "if",
        "locations": [
          {
            "start": {
              "line": 126,
              "column": 1
            },
            "end": {
              "line": 128,
              "column": null
            }
          }
        ]
      },
      "25": {
        "loc": {
          "start": {
            "line": 130,
            "column": 1
          },
          "end": {
            "line": 132,
            "column": null
          }
        },
        "type": "if",
        "locations": [
          {
            "start": {
              "line": 130,
              "column": 1
            },
            "end": {
              "line": 132,
              "column": null
            }
          }
        ]
      },
      "26": {
        "loc": {
          "start": {
            "line": 137,
            "column": 1
          },
          "end": {
            "line": 139,
            "column": null
          }
        },
        "type": "if",
        "locations": [
          {
            "start": {
              "line": 137,
              "column": 1
            },
            "end": {
              "line": 139,
              "column": null
            }
          }
        ]
      },
      "27": {
        "loc": {
          "start": {
            "line": 141,
            "column": 1
          },
          "end": {
            "line": 143,
            "column": null
          }
        },
        "type": "if",
        "locations": [
          {
            "start": {
              "line": 141,
              "column": 1
            },
            "end": {
              "line": 143,
              "column": null
            }
          }
        ]
      },
      "28": {
        "loc": {
          "start": {
            "line": 197,
            "column": 1
          },
          "end": {
            "line": 227,
            "column": null
          }
        },
        "type": "switch",
        "locations": [
          {
            "start": {
              "line": 198,
              "column": 2
            },
            "end": {
              "line": 200,
              "column": null
            }
          },
          {
            "start": {
              "line": 201,
              "column": 2
            },
            "end": {
              "line": 203,
              "column": null
            }
          },
          {
            "start": {
              "line": 204,
              "column": 2
            },
            "end": {
              "line": 206,
              "column": null
            }
          },
          {
            "start": {
              "line": 207,
              "column": 2
            },
            "end": {
              "line": 209,
              "column": null
            }
          },
          {
            "start": {
              "line": 210,
              "column": 2
            },
            "end": {
              "line": 212,
              "column": null
            }
          },
          {
            "start": {
              "line": 213,
              "column": 2
            },
            "end": {
              "line": 215,
              "column": null
            }
          },
          {
            "start": {
              "line": 216,
              "column": 2
            },
            "end": {
              "line": 218,
              "column": null
            }
          },
          {
            "start": {
              "line": 219,
              "column": 2
            },
            "end": {
              "line": 221,
              "column": null
            }
          },
          {
            "start": {
              "line": 222,
              "column": 2
            },
            "end": {
              "line": 226,
              "column": null
            }
          }
        ]
      },
      "29": {
        "loc": {
          "start": {
            "line": 223,
            "column": 3
          },
          "end": {
            "line": 225,
            "column": null
          }
        },
        "type": "if",
        "locations": [
          {
            "start": {
              "line": 223,
              "column": 3
            },
            "end": {
              "line": 225,
              "column": null
            }
          }
        ]
      },
      "30": {
        "loc": {
          "start": {
            "line": 235,
            "column": 1
          },
          "end": {
            "line": 274,
            "column": null
          }
        },
        "type": "if",
        "locations": [
          {
            "start": {
              "line": 235,
              "column": 1
            },
            "end": {
              "line": 274,
              "column": null
            }
          },
          {
            "start": {
              "line": 237,
              "column": 8
            },
            "end": {
              "line": 274,
              "column": null
            }
          }
        ]
      },
      "31": {
        "loc": {
          "start": {
            "line": 239,
            "column": 3
          },
          "end": {
            "line": 266,
            "column": null
          }
        },
        "type": "if",
        "locations": [
          {
            "start": {
              "line": 239,
              "column": 3
            },
            "end": {
              "line": 266,
              "column": null
            }
          },
          {
            "start": {
              "line": 245,
              "column": 3
            },
            "end": {
              "line": 266,
              "column": null
            }
          }
        ]
      },
      "32": {
        "loc": {
          "start": {
            "line": 242,
            "column": 4
          },
          "end": {
            "line": 244,
            "column": null
          }
        },
        "type": "if",
        "locations": [
          {
            "start": {
              "line": 242,
              "column": 4
            },
            "end": {
              "line": 244,
              "column": null
            }
          }
        ]
      },
      "33": {
        "loc": {
          "start": {
            "line": 245,
            "column": 3
          },
          "end": {
            "line": 266,
            "column": null
          }
        },
        "type": "if",
        "locations": [
          {
            "start": {
              "line": 245,
              "column": 3
            },
            "end": {
              "line": 266,
              "column": null
            }
          },
          {
            "start": {
              "line": 264,
              "column": 10
            },
            "end": {
              "line": 266,
              "column": null
            }
          }
        ]
      },
      "34": {
        "loc": {
          "start": {
            "line": 246,
            "column": 4
          },
          "end": {
            "line": 263,
            "column": null
          }
        },
        "type": "if",
        "locations": [
          {
            "start": {
              "line": 246,
              "column": 4
            },
            "end": {
              "line": 263,
              "column": null
            }
          },
          {
            "start": {
              "line": 261,
              "column": 11
            },
            "end": {
              "line": 263,
              "column": null
            }
          }
        ]
      },
      "35": {
        "loc": {
          "start": {
            "line": 253,
            "column": 5
          },
          "end": {
            "line": 260,
            "column": null
          }
        },
        "type": "if",
        "locations": [
          {
            "start": {
              "line": 253,
              "column": 5
            },
            "end": {
              "line": 260,
              "column": null
            }
          }
        ]
      },
      "36": {
        "loc": {
          "start": {
            "line": 255,
            "column": 6
          },
          "end": {
            "line": 259,
            "column": null
          }
        },
        "type": "if",
        "locations": [
          {
            "start": {
              "line": 255,
              "column": 6
            },
            "end": {
              "line": 259,
              "column": null
            }
          },
          {
            "start": {
              "line": 257,
              "column": 13
            },
            "end": {
              "line": 259,
              "column": null
            }
          }
        ]
      },
      "37": {
        "loc": {
          "start": {
            "line": 269,
            "column": 3
          },
          "end": {
            "line": 271,
            "column": null
          }
        },
        "type": "if",
        "locations": [
          {
            "start": {
              "line": 269,
              "column": 3
            },
            "end": {
              "line": 271,
              "column": null
            }
          }
        ]
      }
    },
    "s": {
      "0": 9,
      "1": 0,
      "2": 0,
      "3": 0,
      "4": 0,
      "5": 0,
      "6": 0,
      "7": 0,
      "8": 0,
      "9": 0,
      "10": 9,
      "11": 0,
      "12": 0,
      "13": 0,
      "14": 0,
      "15": 9,
      "16": 0,
      "17": 0,
      "18": 0,
      "19": 0,
      "20": 9,
      "21": 0,
      "22": 0,
      "23": 9,
      "24": 0,
      "25": 9,
      "26": 0,
      "27": 9,
      "28": 0,
      "29": 9,
      "30": 0,
      "31": 0,
      "32": 0,
      "33": 0,
      "34": 0,
      "35": 9,
      "36": 0,
      "37": 0,
      "38": 0,
      "39": 9,
      "40": 0,
      "41": 0,
      "42": 0,
      "43": 9,
      "44": 0,
      "45": 0,
      "46": 0,
      "47": 0,
      "48": 0,
      "49": 9,
      "50": 0,
      "51": 0,
      "52": 9,
      "53": 0,
      "54": 0,
      "55": 9,
      "56": 0,
      "57": 0,
      "58": 9,
      "59": 0,
      "60": 0,
      "61": 9,
      "62": 0,
      "63": 0,
      "64": 0,
      "65": 0,
      "66": 0,
      "67": 0,
      "68": 9,
      "69": 0,
      "70": 0,
      "71": 0,
      "72": 0,
      "73": 0,
      "74": 0,
      "75": 9,
      "76": 0,
      "77": 9,
      "78": 9,
      "79": 9,
      "80": 0,
      "81": 0,
      "82": 0,
      "83": 0,
      "84": 0,
      "85": 0,
      "86": 0,
      "87": 0,
      "88": 0,
      "89": 0,
      "90": 0,
      "91": 0,
      "92": 0,
      "93": 0,
      "94": 0,
      "95": 0,
      "96": 0,
      "97": 0,
      "98": 0,
      "99": 0,
      "100": 0,
      "101": 0,
      "102": 9,
      "103": 0,
      "104": 0,
      "105": 0,
      "106": 0,
      "107": 0,
      "108": 0,
      "109": 0,
      "110": 0,
      "111": 0,
      "112": 0,
      "113": 0,
      "114": 0,
      "115": 0,
      "116": 0,
      "117": 0,
      "118": 0,
      "119": 0,
      "120": 0,
      "121": 0,
      "122": 0,
      "123": 0,
      "124": 0,
      "125": 0
    },
    "f": {
      "0": 0,
      "1": 0,
      "2": 0,
      "3": 0,
      "4": 0,
      "5": 0,
      "6": 0,
      "7": 0,
      "8": 0,
      "9": 0,
      "10": 0,
      "11": 0,
      "12": 0,
      "13": 0,
      "14": 0,
      "15": 0,
      "16": 0,
      "17": 0,
      "18": 0,
      "19": 0
    },
    "b": {
      "0": [
        0,
        0
      ],
      "1": [
        0,
        0
      ],
      "2": [
        0,
        0
      ],
      "3": [
        0,
        0
      ],
      "4": [
        0,
        0
      ],
      "5": [
        0,
        0
      ],
      "6": [
        0,
        0
      ],
      "7": [
        0
      ],
      "8": [
        0,
        0
      ],
      "9": [
        0
      ],
      "10": [
        0,
        0
      ],
      "11": [
        0,
        0
      ],
      "12": [
        0,
        0
      ],
      "13": [
        0,
        0
      ],
      "14": [
        0,
        0
      ],
      "15": [
        0,
        0
      ],
      "16": [
        0
      ],
      "17": [
        0,
        0
      ],
      "18": [
        0,
        0
      ],
      "19": [
        0,
        0
      ],
      "20": [
        0,
        0,
        0
      ],
      "21": [
        0,
        0,
        0
      ],
      "22": [
        0,
        0,
        0
      ],
      "23": [
        0,
        0,
        0
      ],
      "24": [
        0
      ],
      "25": [
        0
      ],
      "26": [
        0
      ],
      "27": [
        0
      ],
      "28": [
        0,
        0,
        0,
        0,
        0,
        0,
        0,
        0,
        0
      ],
      "29": [
        0
      ],
      "30": [
        0,
        0
      ],
      "31": [
        0,
        0
      ],
      "32": [
        0
      ],
      "33": [
        0,
        0
      ],
      "34": [
        0,
        0
      ],
      "35": [
        0
      ],
      "36": [
        0,
        0
      ],
      "37": [
        0
      ]
    }
  },
  "/Users/shubhadipmaity/projects/react-vite-component-library/src/lib/svgicons/index.tsx": {
    "path": "/Users/shubhadipmaity/projects/react-vite-component-library/src/lib/svgicons/index.tsx",
    "statementMap": {
      "0": {
        "start": {
          "line": 1,
          "column": 29
        },
        "end": {
          "line": 1,
          "column": null
        }
      },
      "1": {
        "start": {
          "line": 1,
          "column": 29
        },
        "end": {
          "line": 27,
          "column": 2
        }
      },
      "2": {
        "start": {
          "line": 8,
          "column": 1
        },
        "end": {
          "line": 8,
          "column": null
        }
      },
      "3": {
        "start": {
          "line": 9,
          "column": 1
        },
        "end": {
          "line": 10,
          "column": null
        }
      },
      "4": {
        "start": {
          "line": 27,
          "column": 2
        },
        "end": {
          "line": 27,
          "column": null
        }
      },
      "5": {
        "start": {
          "line": 29,
          "column": 7
        },
        "end": {
          "line": 51,
          "column": 2
        }
      },
      "6": {
        "start": {
          "line": 30,
          "column": 1
        },
        "end": {
          "line": 30,
          "column": null
        }
      },
      "7": {
        "start": {
          "line": 31,
          "column": 1
        },
        "end": {
          "line": 32,
          "column": null
        }
      },
      "8": {
        "start": {
          "line": 51,
          "column": 2
        },
        "end": {
          "line": 51,
          "column": null
        }
      },
      "9": {
        "start": {
          "line": 29,
          "column": 16
        },
        "end": {
          "line": 29,
          "column": 20
        }
      }
    },
    "fnMap": {
      "0": {
        "name": "(anonymous_0)",
        "decl": {
          "start": {
            "line": 1,
            "column": 29
          },
          "end": {
            "line": 1,
            "column": null
          }
        },
        "loc": {
          "start": {
            "line": 1,
            "column": 29
          },
          "end": {
            "line": 1,
            "column": null
          }
        }
      },
      "1": {
        "name": "(anonymous_2)",
        "decl": {
          "start": {
            "line": 29,
            "column": 7
          },
          "end": {
            "line": 29,
            "column": 16
          }
        },
        "loc": {
          "start": {
            "line": 29,
            "column": 48
          },
          "end": {
            "line": 51,
            "column": 2
          }
        }
      }
    },
    "branchMap": {
      "0": {
        "loc": {
          "start": {
            "line": 1,
            "column": 29
          },
          "end": {
            "line": 1,
            "column": null
          }
        },
        "type": "binary-expr",
        "locations": [
          {
            "start": {
              "line": 1,
              "column": 29
            },
            "end": {
              "line": 1,
              "column": null
            }
          },
          {
            "start": {
              "line": 1,
              "column": 29
            },
            "end": {
              "line": 1,
              "column": null
            }
          }
        ]
      },
      "1": {
        "loc": {
          "start": {
            "line": 1,
            "column": 29
          },
          "end": {
            "line": 1,
            "column": null
          }
        },
        "type": "if",
        "locations": [
          {
            "start": {
              "line": 1,
              "column": 29
            },
            "end": {
              "line": 1,
              "column": null
            }
          }
        ]
      },
      "2": {
        "loc": {
          "start": {
            "line": 8,
            "column": 1
          },
          "end": {
            "line": 8,
            "column": null
          }
        },
        "type": "binary-expr",
        "locations": [
          {
            "start": {
              "line": 8,
              "column": 1
            },
            "end": {
              "line": 8,
              "column": null
            }
          },
          {
            "start": {
              "line": 8,
              "column": 1
            },
            "end": {
              "line": 8,
              "column": null
            }
          }
        ]
      },
      "3": {
        "loc": {
          "start": {
            "line": 30,
            "column": 1
          },
          "end": {
            "line": 30,
            "column": null
          }
        },
        "type": "binary-expr",
        "locations": [
          {
            "start": {
              "line": 30,
              "column": 1
            },
            "end": {
              "line": 30,
              "column": null
            }
          },
          {
            "start": {
              "line": 30,
              "column": 1
            },
            "end": {
              "line": 30,
              "column": null
            }
          }
        ]
      }
    },
    "s": {
      "0": 81,
      "1": 9,
      "2": 0,
      "3": 0,
      "4": 9,
      "5": 9,
      "6": 1,
      "7": 1,
      "8": 9,
      "9": 18
    },
    "f": {
      "0": 18,
      "1": 1
    },
    "b": {
      "0": [
        18,
        9
      ],
      "1": [
        9
      ],
      "2": [
        0,
        0
      ],
      "3": [
        1,
        0
      ]
    }
  },
  "/Users/shubhadipmaity/projects/react-vite-component-library/src/lib/app-textbox/index.tsx": {
    "path": "/Users/shubhadipmaity/projects/react-vite-component-library/src/lib/app-textbox/index.tsx",
    "statementMap": {
      "0": {
        "start": {
          "line": 9,
          "column": 7
[...]
            }
          },
          {
            "start": {
              "line": 17,
              "column": 3
            },
            "end": {
              "line": 17,
              "column": null
            }
          }
        ]
      },
      "3": {
        "loc": {
          "start": {
            "line": 29,
            "column": 5
          },
          "end": {
            "line": 33,
            "column": null
          }
        },
        "type": "if",
        "locations": [
          {
            "start": {
              "line": 29,
              "column": 5
            },
            "end": {
              "line": 33,
              "column": null
            }
          }
        ]
      },
      "4": {
        "loc": {
          "start": {
            "line": 31,
            "column": 6
          },
          "end": {
            "line": 32,
            "column": null
          }
        },
        "type": "if",
        "locations": [
          {
            "start": {
              "line": 31,
              "column": 6
            },
            "end": {
              "line": 32,
              "column": null
            }
          }
        ]
      },
      "5": {
        "loc": {
          "start": {
            "line": 35,
            "column": 5
          },
          "end": {
            "line": 35,
            "column": 25
          }
        },
        "type": "binary-expr",
        "locations": [
          {
            "start": {
              "line": 35,
              "column": 5
            },
            "end": {
              "line": 35,
              "column": 25
            }
          },
          {
            "start": {
              "line": 35,
              "column": 5
            },
            "end": {
              "line": 35,
              "column": 25
            }
          }
        ]
      },
      "6": {
        "loc": {
          "start": {
            "line": 47,
            "column": 3
          },
          "end": {
            "line": 53,
            "column": null
          }
        },
        "type": "if",
        "locations": [
          {
            "start": {
              "line": 47,
              "column": 3
            },
            "end": {
              "line": 53,
              "column": null
            }
          }
        ]
      },
      "7": {
        "loc": {
          "start": {
            "line": 49,
            "column": 4
          },
          "end": {
            "line": 52,
            "column": null
          }
        },
        "type": "if",
        "locations": [
          {
            "start": {
              "line": 49,
              "column": 4
            },
            "end": {
              "line": 52,
              "column": null
            }
          },
          {
            "start": {
              "line": 50,
              "column": 35
            },
            "end": {
              "line": 52,
              "column": null
            }
          }
        ]
      },
      "8": {
        "loc": {
          "start": {
            "line": 56,
            "column": 3
          },
          "end": {
            "line": 57,
            "column": null
          }
        },
        "type": "if",
        "locations": [
          {
            "start": {
              "line": 56,
              "column": 3
            },
            "end": {
              "line": 57,
              "column": null
            }
          }
        ]
      },
      "9": {
        "loc": {
          "start": {
            "line": 62,
            "column": 3
          },
          "end": {
            "line": 63,
            "column": null
          }
        },
        "type": "if",
        "locations": [
          {
            "start": {
              "line": 62,
              "column": 3
            },
            "end": {
              "line": 63,
              "column": null
            }
          }
        ]
      },
      "10": {
        "loc": {
          "start": {
            "line": 65,
            "column": 3
          },
          "end": {
            "line": 66,
            "column": null
          }
        },
        "type": "if",
        "locations": [
          {
            "start": {
              "line": 65,
              "column": 3
            },
            "end": {
              "line": 66,
              "column": null
            }
          }
        ]
      },
      "11": {
        "loc": {
          "start": {
            "line": 71,
            "column": 3
          },
          "end": {
            "line": 75,
            "column": null
          }
        },
        "type": "if",
        "locations": [
          {
            "start": {
              "line": 71,
              "column": 3
            },
            "end": {
              "line": 75,
              "column": null
            }
          }
        ]
      },
      "12": {
        "loc": {
          "start": {
            "line": 73,
            "column": 4
          },
          "end": {
            "line": 74,
            "column": null
          }
        },
        "type": "if",
        "locations": [
          {
            "start": {
              "line": 73,
              "column": 4
            },
            "end": {
              "line": 74,
              "column": null
            }
          }
        ]
      },
      "13": {
        "loc": {
          "start": {
            "line": 77,
            "column": 3
          },
          "end": {
            "line": 78,
            "column": null
          }
        },
        "type": "if",
        "locations": [
          {
            "start": {
              "line": 77,
              "column": 3
            },
            "end": {
              "line": 78,
              "column": null
            }
          }
        ]
      },
      "14": {
        "loc": {
          "start": {
            "line": 83,
            "column": 3
          },
          "end": {
            "line": 86,
            "column": null
          }
        },
        "type": "if",
        "locations": [
          {
            "start": {
              "line": 83,
              "column": 3
            },
            "end": {
              "line": 86,
              "column": null
            }
          },
          {
            "start": {
              "line": 84,
              "column": 18
            },
            "end": {
              "line": 86,
              "column": null
            }
          }
        ]
      },
      "15": {
        "loc": {
          "start": {
            "line": 91,
            "column": 3
          },
          "end": {
            "line": 92,
            "column": null
          }
        },
        "type": "if",
        "locations": [
          {
            "start": {
              "line": 91,
              "column": 3
            },
            "end": {
              "line": 92,
              "column": null
            }
          }
        ]
      },
      "16": {
        "loc": {
          "start": {
            "line": 95,
            "column": 2
          },
          "end": {
            "line": 95,
            "column": null
          }
        },
        "type": "cond-expr",
        "locations": [
          {
            "start": {
              "line": 95,
              "column": 2
            },
            "end": {
              "line": 95,
              "column": null
            }
          },
          {
            "start": {
              "line": 95,
              "column": 2
            },
            "end": {
              "line": 95,
              "column": null
            }
          }
        ]
      },
      "17": {
        "loc": {
          "start": {
            "line": 96,
            "column": 2
          },
          "end": {
            "line": 96,
            "column": null
          }
        },
        "type": "binary-expr",
        "locations": [
          {
            "start": {
              "line": 96,
              "column": 2
            },
            "end": {
              "line": 96,
              "column": 40
            }
          },
          {
            "start": {
              "line": 96,
              "column": 2
            },
            "end": {
              "line": 96,
              "column": null
            }
          }
        ]
      },
      "18": {
        "loc": {
          "start": {
            "line": 97,
            "column": 2
          },
          "end": {
            "line": 97,
            "column": null
          }
        },
        "type": "binary-expr",
        "locations": [
          {
            "start": {
              "line": 97,
              "column": 2
            },
            "end": {
              "line": 97,
              "column": null
            }
          },
          {
            "start": {
              "line": 97,
              "column": 2
            },
            "end": {
              "line": 97,
              "column": null
            }
          }
        ]
      },
      "19": {
        "loc": {
          "start": {
            "line": 105,
            "column": 5
          },
          "end": {
            "line": 106,
            "column": null
          }
        },
        "type": "cond-expr",
        "locations": [
          {
            "start": {
              "line": 105,
              "column": 5
            },
            "end": {
              "line": 106,
              "column": null
            }
          },
          {
            "start": {
              "line": 106,
              "column": 5
            },
            "end": {
              "line": 106,
              "column": null
            }
          }
        ]
      },
      "20": {
        "loc": {
          "start": {
            "line": 112,
            "column": 8
          },
          "end": {
            "line": 112,
            "column": null
          }
        },
        "type": "cond-expr",
        "locations": [
          {
            "start": {
              "line": 112,
              "column": 8
            },
            "end": {
              "line": 112,
              "column": null
            }
          },
          {
            "start": {
              "line": 112,
              "column": 8
            },
            "end": {
              "line": 112,
              "column": null
            }
          }
        ]
      },
      "21": {
        "loc": {
          "start": {
            "line": 126,
            "column": 23
          },
          "end": {
            "line": 129,
            "column": null
          }
        },
        "type": "cond-expr",
        "locations": [
          {
            "start": {
              "line": 126,
              "column": 23
            },
            "end": {
              "line": 129,
              "column": null
            }
          },
          {
            "start": {
              "line": 129,
              "column": 5
            },
            "end": {
              "line": 129,
              "column": null
            }
          }
        ]
      },
      "22": {
        "loc": {
          "start": {
            "line": 138,
            "column": 8
          },
          "end": {
            "line": 140,
            "column": null
          }
        },
        "type": "cond-expr",
        "locations": [
          {
            "start": {
              "line": 138,
              "column": 8
            },
            "end": {
              "line": 140,
              "column": null
            }
          },
          {
            "start": {
              "line": 140,
              "column": 5
            },
            "end": {
              "line": 140,
              "column": null
            }
          }
        ]
      },
      "23": {
        "loc": {
          "start": {
            "line": 149,
            "column": 8
          },
          "end": {
            "line": 151,
            "column": null
          }
        },
        "type": "cond-expr",
        "locations": [
          {
            "start": {
              "line": 149,
              "column": 8
            },
            "end": {
              "line": 151,
              "column": null
            }
          },
          {
            "start": {
              "line": 151,
              "column": 5
            },
            "end": {
              "line": 151,
              "column": null
            }
          }
        ]
      },
      "24": {
        "loc": {
          "start": {
            "line": 154,
            "column": 8
          },
          "end": {
            "line": 156,
            "column": null
          }
        },
        "type": "cond-expr",
        "locations": [
          {
            "start": {
              "line": 154,
              "column": 8
            },
            "end": {
              "line": 156,
              "column": null
            }
          },
          {
            "start": {
              "line": 156,
              "column": 5
            },
            "end": {
              "line": 156,
              "column": null
            }
          }
        ]
      }
    },
    "s": {
      "0": 9,
      "1": 6,
      "2": 6,
      "3": 6,
      "4": 6,
      "5": 6,
      "6": 6,
      "7": 6,
      "8": 6,
      "9": 3,
      "10": 6,
      "11": 0,
      "12": 0,
      "13": 0,
      "14": 0,
      "15": 0,
      "16": 0,
      "17": 0,
      "18": 0,
      "19": 0,
      "20": 6,
      "21": 0,
      "22": 0,
      "23": 0,
      "24": 0,
      "25": 0,
      "26": 0,
      "27": 0,
      "28": 0,
      "29": 6,
      "30": 0,
      "31": 0,
      "32": 0,
      "33": 0,
      "34": 6,
      "35": 0,
      "36": 0,
      "37": 0,
      "38": 0,
      "39": 0,
      "40": 0,
      "41": 6,
      "42": 0,
      "43": 0,
      "44": 0,
      "45": 6,
      "46": 0,
      "47": 0,
      "48": 6,
      "49": 6,
      "50": 6,
      "51": 6,
      "52": 0,
      "53": 9,
      "54": 18
    },
    "f": {
      "0": 6,
      "1": 6,
      "2": 3,
      "3": 0,
      "4": 0,
      "5": 0,
      "6": 0,
      "7": 0,
      "8": 0,
      "9": 0,
      "10": 0,
      "11": 0,
      "12": 0,
      "13": 0
    },
    "b": {
      "0": [
        6,
        3
      ],
      "1": [
        6,
        0
      ],
      "2": [
        6,
        3
      ],
      "3": [
        0
      ],
      "4": [
        0
      ],
      "5": [
        0,
        0
      ],
      "6": [
        0
      ],
      "7": [
        0,
        0
      ],
      "8": [
        0
      ],
      "9": [
        0
      ],
      "10": [
        0
      ],
      "11": [
        0
      ],
      "12": [
        0
      ],
      "13": [
        0
      ],
      "14": [
        0,
        0
      ],
      "15": [
        0
      ],
      "16": [
        0,
        6
      ],
      "17": [
        6,
        6
      ],
      "18": [
        6,
        6
      ],
      "19": [
        6,
        0
      ],
      "20": [
        1,
        5
      ],
      "21": [
        1,
        5
      ],
      "22": [
        0,
        6
      ],
      "23": [
        0,
        6
      ],
      "24": [
        0,
        6
      ]
    }
  },
  "/Users/shubhadipmaity/projects/react-vite-component-library/src/lib/types/enums.ts": {
    "path": "/Users/shubhadipmaity/projects/react-vite-component-library/src/lib/types/enums.ts",
    "statementMap": {
      "0": {
        "start": {
          "line": 1,
          "column": 7
        },
        "end": {
          "line": 1,
          "column": null
        }
      },
      "1": {
        "start": {
          "line": 2,
          "column": 1
        },
        "end": {
          "line": 2,
          "column": null
        }
      },
      "2": {
        "start": {
          "line": 3,
          "column": 1
        },
        "end": {
          "line": 3,
          "column": null
        }
      },
      "3": {
        "start": {
          "line": 4,
          "column": 1
        },
        "end": {
          "line": 4,
          "column": null
        }
      },
      "4": {
        "start": {
          "line": 5,
          "column": 1
        },
        "end": {
          "line": 5,
          "column": null
        }
      },
      "5": {
        "start": {
          "line": 1,
          "column": 12
        },
        "end": {
          "line": 1,
          "column": null
        }
      },
      "6": {
        "start": {
          "line": 8,
          "column": 7
        },
        "end": {
          "line": 8,
          "column": null
        }
      },
      "7": {
        "start": {
          "line": 14,
          "column": 1
        },
        "end": {
          "line": 14,
          "column": null
        }
      },
      "8": {
        "start": {
          "line": 21,
          "column": 1
        },
        "end": {
          "line": 21,
          "column": null
        }
      },
      "9": {
        "start": {
          "line": 42,
          "column": 1
        },
        "end": {
          "line": 42,
          "column": null
        }
      },
      "10": {
        "start": {
          "line": 8,
          "column": 12
        },
        "end": {
          "line": 8,
          "column": null
        }
      }
    },
    "fnMap": {
      "0": {
        "name": "(anonymous_0)",
        "decl": {
          "start": {
            "line": 1,
            "column": 7
          },
          "end": {
            "line": 1,
            "column": 12
          }
        },
        "loc": {
          "start": {
            "line": 1,
            "column": 7
          },
          "end": {
            "line": 1,
            "column": null
          }
        }
      },
      "1": {
        "name": "(anonymous_1)",
        "decl": {
          "start": {
            "line": 8,
            "column": 7
          },
          "end": {
            "line": 8,
            "column": 12
          }
        },
        "loc": {
          "start": {
            "line": 8,
            "column": 7
          },
          "end": {
            "line": 8,
            "column": null
          }
        }
      }
    },
    "branchMap": {
      "0": {
        "loc": {
          "start": {
            "line": 1,
            "column": 12
          },
          "end": {
            "line": 1,
            "column": null
          }
        },
        "type": "binary-expr",
        "locations": [
          {
            "start": {
              "line": 1,
              "column": 12
            },
            "end": {
              "line": 1,
              "column": null
            }
          },
          {
            "start": {
              "line": 1,
              "column": 12
            },
            "end": {
              "line": 1,
              "column": null
            }
          }
        ]
      },
      "1": {
        "loc": {
          "start": {
            "line": 8,
            "column": 12
          },
          "end": {
            "line": 8,
            "column": null
          }
        },
        "type": "binary-expr",
        "locations": [
          {
            "start": {
              "line": 8,
              "column": 12
            },
            "end": {
              "line": 8,
              "column": null
            }
          },
          {
            "start": {
              "line": 8,
              "column": 12
            },
            "end": {
              "line": 8,
              "column": null
            }
          }
        ]
      }
    },
    "s": {
      "0": 9,
      "1": 9,
      "2": 9,
      "3": 9,
      "4": 9,
      "5": 9,
      "6": 9,
      "7": 9,
      "8": 9,
      "9": 9,
      "10": 9
    },
    "f": {
      "0": 9,
      "1": 9
    },
    "b": {
      "0": [
        9,
        9
      ],
      "1": [
        9,
        9
      ]
    }
  }
}